2023-12-27 15:38:31.930  INFO 13840 --- [main] o.s.Main                                 : No active profile set, falling back to default profiles: default
2023-12-27 15:38:32.475  INFO 13840 --- [main] .s.d.r.c.RepositoryConfigurationDelegate : Multiple Spring Data modules found, entering strict repository configuration mode!
2023-12-27 15:38:32.480  INFO 13840 --- [main] .s.d.r.c.RepositoryConfigurationDelegate : Bootstrapping Spring Data Redis repositories in DEFAULT mode.
2023-12-27 15:38:32.521  INFO 13840 --- [main] .s.d.r.c.RepositoryConfigurationDelegate : Finished Spring Data repository scanning in 28ms. Found 0 Redis repository interfaces.
2023-12-27 15:38:32.728  INFO 13840 --- [main] o.s.c.c.s.GenericScope                   : BeanFactory id=b5e24500-e114-3004-9f96-d9e39b5d5d8d
2023-12-27 15:38:32.826  INFO 13840 --- [main] trationDelegate$BeanPostProcessorChecker : Bean 'org.springframework.transaction.annotation.ProxyTransactionManagementConfiguration' of type [org.springframework.transaction.annotation.ProxyTransactionManagementConfiguration] is not eligible for getting processed by all BeanPostProcessors (for example: not eligible for auto-proxying)
2023-12-27 15:38:32.862  INFO 13840 --- [main] trationDelegate$BeanPostProcessorChecker : Bean 'org.springframework.security.config.annotation.configuration.ObjectPostProcessorConfiguration' of type [org.springframework.security.config.annotation.configuration.ObjectPostProcessorConfiguration] is not eligible for getting processed by all BeanPostProcessors (for example: not eligible for auto-proxying)
2023-12-27 15:38:32.864  INFO 13840 --- [main] trationDelegate$BeanPostProcessorChecker : Bean 'objectPostProcessor' of type [org.springframework.security.config.annotation.configuration.AutowireBeanFactoryObjectPostProcessor] is not eligible for getting processed by all BeanPostProcessors (for example: not eligible for auto-proxying)
2023-12-27 15:38:32.866  INFO 13840 --- [main] trationDelegate$BeanPostProcessorChecker : Bean 'org.springframework.security.access.expression.method.DefaultMethodSecurityExpressionHandler@7eb6b6b6' of type [org.springframework.security.access.expression.method.DefaultMethodSecurityExpressionHandler] is not eligible for getting processed by all BeanPostProcessors (for example: not eligible for auto-proxying)
2023-12-27 15:38:32.867  INFO 13840 --- [main] trationDelegate$BeanPostProcessorChecker : Bean 'org.springframework.security.config.annotation.method.configuration.GlobalMethodSecurityConfiguration' of type [org.springframework.security.config.annotation.method.configuration.GlobalMethodSecurityConfiguration] is not eligible for getting processed by all BeanPostProcessors (for example: not eligible for auto-proxying)
2023-12-27 15:38:32.870  INFO 13840 --- [main] trationDelegate$BeanPostProcessorChecker : Bean 'methodSecurityMetadataSource' of type [org.springframework.security.access.method.DelegatingMethodSecurityMetadataSource] is not eligible for getting processed by all BeanPostProcessors (for example: not eligible for auto-proxying)
2023-12-27 15:38:32.883  INFO 13840 --- [main] trationDelegate$BeanPostProcessorChecker : Bean 'org.springframework.cloud.autoconfigure.ConfigurationPropertiesRebinderAutoConfiguration' of type [org.springframework.cloud.autoconfigure.ConfigurationPropertiesRebinderAutoConfiguration] is not eligible for getting processed by all BeanPostProcessors (for example: not eligible for auto-proxying)
2023-12-27 15:38:33.138  INFO 13840 --- [main] o.s.b.w.e.t.TomcatWebServer              : Tomcat initialized with port(s): 8085 (http)
2023-12-27 15:38:33.149  INFO 13840 --- [main] o.a.c.c.StandardService                  : Starting service [Tomcat]
2023-12-27 15:38:33.149  INFO 13840 --- [main] o.a.c.c.StandardEngine                   : Starting Servlet engine: [Apache Tomcat/9.0.29]
2023-12-27 15:38:33.279  INFO 13840 --- [main] o.a.c.c.C.[.[.[/]                        : Initializing Spring embedded WebApplicationContext
2023-12-27 15:38:33.279  INFO 13840 --- [main] o.s.w.c.ContextLoader                    : Root WebApplicationContext: initialization completed in 1337 ms
2023-12-27 15:38:34.364  INFO 13840 --- [main] o.s.c.SecurityConfig                     : password2的BCryptPasswordEncoder加密密码为：$2a$10$Dv4sbp1j48Y33QQ2XmYnGuhvIHzsSL/wZ/s9sxdiaTnljJAA1RFSC
2023-12-27 15:38:34.374  WARN 13840 --- [main] c.n.c.s.URLConfigurationSource           : No URLs will be polled as dynamic configuration sources.
2023-12-27 15:38:34.374  INFO 13840 --- [main] c.n.c.s.URLConfigurationSource           : To enable URLs as dynamic configuration sources, define System property archaius.configurationSource.additionalUrls or make config.properties available on classpath.
2023-12-27 15:38:34.379  WARN 13840 --- [main] c.n.c.s.URLConfigurationSource           : No URLs will be polled as dynamic configuration sources.
2023-12-27 15:38:34.379  INFO 13840 --- [main] c.n.c.s.URLConfigurationSource           : To enable URLs as dynamic configuration sources, define System property archaius.configurationSource.additionalUrls or make config.properties available on classpath.
2023-12-27 15:38:34.547  INFO 13840 --- [main] o.s.s.c.ThreadPoolTaskExecutor           : Initializing ExecutorService 'applicationTaskExecutor'
2023-12-27 15:38:34.880  INFO 13840 --- [main] o.s.s.w.DefaultSecurityFilterChain       : Creating filter chain: any request, [org.springframework.security.web.context.request.async.WebAsyncManagerIntegrationFilter@5eed6dfb, org.springframework.security.web.context.SecurityContextPersistenceFilter@2dd63e3, org.springframework.security.web.header.HeaderWriterFilter@64021427, org.springframework.web.filter.CorsFilter@5600a5da, org.springframework.security.web.authentication.logout.LogoutFilter@491f8831, org.schoole.filter.JwtAuthenticationTokenFilter@6fc1020a, org.springframework.security.web.savedrequest.RequestCacheAwareFilter@209f3887, org.springframework.security.web.servletapi.SecurityContextHolderAwareRequestFilter@73bb1337, org.springframework.security.web.authentication.AnonymousAuthenticationFilter@551be9f6, org.springframework.security.web.session.SessionManagementFilter@4ae2e781, org.springframework.security.web.access.ExceptionTranslationFilter@329dc214, org.springframework.security.web.access.intercept.FilterSecurityInterceptor@58a765ce]
2023-12-27 15:38:35.222  INFO 13840 --- [main] o.s.s.c.ThreadPoolTaskScheduler          : Initializing ExecutorService
2023-12-27 15:38:35.748  WARN 13840 --- [main] c.b.m.c.m.TableInfoHelper                : Can not find table primary key in Class: "org.schoole.domain.UserRole".
2023-12-27 15:38:35.821 ERROR 13840 --- [ThreadPoolTaskScheduler-1] o.s.c.a.n.d.NacosWatch                   : Error watching Nacos Service change

java.lang.IllegalArgumentException: no server available
	at com.alibaba.nacos.client.naming.net.NamingProxy.reqAPI(NamingProxy.java:441) ~[nacos-client-1.1.4.jar:?]
	at com.alibaba.nacos.client.naming.net.NamingProxy.reqAPI(NamingProxy.java:433) ~[nacos-client-1.1.4.jar:?]
	at com.alibaba.nacos.client.naming.net.NamingProxy.reqAPI(NamingProxy.java:379) ~[nacos-client-1.1.4.jar:?]
	at com.alibaba.nacos.client.naming.net.NamingProxy.getServiceList(NamingProxy.java:361) ~[nacos-client-1.1.4.jar:?]
	at com.alibaba.nacos.client.naming.net.NamingProxy.getServiceList(NamingProxy.java:337) ~[nacos-client-1.1.4.jar:?]
	at com.alibaba.nacos.client.naming.NacosNamingService.getServicesOfServer(NacosNamingService.java:442) ~[nacos-client-1.1.4.jar:?]
	at org.springframework.cloud.alibaba.nacos.discovery.NacosWatch.nacosServicesWatch(NacosWatch.java:127) ~[spring-cloud-alibaba-nacos-discovery-0.2.2.RELEASE.jar:0.2.2.RELEASE]
	at org.springframework.scheduling.support.DelegatingErrorHandlingRunnable.run(DelegatingErrorHandlingRunnable.java:54) [spring-context-5.2.2.RELEASE.jar:5.2.2.RELEASE]
	at java.util.concurrent.Executors$RunnableAdapter.call(Executors.java:511) [?:1.8.0_92]
	at java.util.concurrent.FutureTask.runAndReset(FutureTask.java:308) [?:1.8.0_92]
	at java.util.concurrent.ScheduledThreadPoolExecutor$ScheduledFutureTask.access$301(ScheduledThreadPoolExecutor.java:180) [?:1.8.0_92]
	at java.util.concurrent.ScheduledThreadPoolExecutor$ScheduledFutureTask.run(ScheduledThreadPoolExecutor.java:294) [?:1.8.0_92]
	at java.util.concurrent.ThreadPoolExecutor.runWorker(ThreadPoolExecutor.java:1142) [?:1.8.0_92]
	at java.util.concurrent.ThreadPoolExecutor$Worker.run(ThreadPoolExecutor.java:617) [?:1.8.0_92]
	at java.lang.Thread.run(Thread.java:745) [?:1.8.0_92]

2023-12-27 15:38:35.836  INFO 13840 --- [main] o.a.c.c.StandardService                  : Stopping service [Tomcat]
2023-12-27 15:38:35.841  INFO 13840 --- [main] ConditionEvaluationReportLoggingListener :

Error starting ApplicationContext. To display the conditions report re-run your application with 'debug' enabled.
2023-12-27 15:38:35.844  INFO 13840 --- [main] o.s.s.c.ThreadPoolTaskExecutor           : Shutting down ExecutorService 'applicationTaskExecutor'
2023-12-27 15:38:35.864 ERROR 13840 --- [main] o.s.b.d.LoggingFailureAnalysisReporter   :

***************************
APPLICATION FAILED TO START
***************************

Description:

Web server failed to start. Port 8085 was already in use.

Action:

Identify and stop the process that's listening on port 8085 or configure this application to listen on another port.

2023-12-27 15:39:02.312  INFO 5728 --- [main] o.s.Main                                 : No active profile set, falling back to default profiles: default
2023-12-27 15:39:02.863  INFO 5728 --- [main] .s.d.r.c.RepositoryConfigurationDelegate : Multiple Spring Data modules found, entering strict repository configuration mode!
2023-12-27 15:39:02.867  INFO 5728 --- [main] .s.d.r.c.RepositoryConfigurationDelegate : Bootstrapping Spring Data Redis repositories in DEFAULT mode.
2023-12-27 15:39:02.906  INFO 5728 --- [main] .s.d.r.c.RepositoryConfigurationDelegate : Finished Spring Data repository scanning in 27ms. Found 0 Redis repository interfaces.
2023-12-27 15:39:03.132  INFO 5728 --- [main] o.s.c.c.s.GenericScope                   : BeanFactory id=b5e24500-e114-3004-9f96-d9e39b5d5d8d
2023-12-27 15:39:03.226  INFO 5728 --- [main] trationDelegate$BeanPostProcessorChecker : Bean 'org.springframework.transaction.annotation.ProxyTransactionManagementConfiguration' of type [org.springframework.transaction.annotation.ProxyTransactionManagementConfiguration] is not eligible for getting processed by all BeanPostProcessors (for example: not eligible for auto-proxying)
2023-12-27 15:39:03.266  INFO 5728 --- [main] trationDelegate$BeanPostProcessorChecker : Bean 'org.springframework.security.config.annotation.configuration.ObjectPostProcessorConfiguration' of type [org.springframework.security.config.annotation.configuration.ObjectPostProcessorConfiguration] is not eligible for getting processed by all BeanPostProcessors (for example: not eligible for auto-proxying)
2023-12-27 15:39:03.269  INFO 5728 --- [main] trationDelegate$BeanPostProcessorChecker : Bean 'objectPostProcessor' of type [org.springframework.security.config.annotation.configuration.AutowireBeanFactoryObjectPostProcessor] is not eligible for getting processed by all BeanPostProcessors (for example: not eligible for auto-proxying)
2023-12-27 15:39:03.270  INFO 5728 --- [main] trationDelegate$BeanPostProcessorChecker : Bean 'org.springframework.security.access.expression.method.DefaultMethodSecurityExpressionHandler@633a2e99' of type [org.springframework.security.access.expression.method.DefaultMethodSecurityExpressionHandler] is not eligible for getting processed by all BeanPostProcessors (for example: not eligible for auto-proxying)
2023-12-27 15:39:03.271  INFO 5728 --- [main] trationDelegate$BeanPostProcessorChecker : Bean 'org.springframework.security.config.annotation.method.configuration.GlobalMethodSecurityConfiguration' of type [org.springframework.security.config.annotation.method.configuration.GlobalMethodSecurityConfiguration] is not eligible for getting processed by all BeanPostProcessors (for example: not eligible for auto-proxying)
2023-12-27 15:39:03.274  INFO 5728 --- [main] trationDelegate$BeanPostProcessorChecker : Bean 'methodSecurityMetadataSource' of type [org.springframework.security.access.method.DelegatingMethodSecurityMetadataSource] is not eligible for getting processed by all BeanPostProcessors (for example: not eligible for auto-proxying)
2023-12-27 15:39:03.286  INFO 5728 --- [main] trationDelegate$BeanPostProcessorChecker : Bean 'org.springframework.cloud.autoconfigure.ConfigurationPropertiesRebinderAutoConfiguration' of type [org.springframework.cloud.autoconfigure.ConfigurationPropertiesRebinderAutoConfiguration] is not eligible for getting processed by all BeanPostProcessors (for example: not eligible for auto-proxying)
2023-12-27 15:39:03.531  INFO 5728 --- [main] o.s.b.w.e.t.TomcatWebServer              : Tomcat initialized with port(s): 8084 (http)
2023-12-27 15:39:03.541  INFO 5728 --- [main] o.a.c.c.StandardService                  : Starting service [Tomcat]
2023-12-27 15:39:03.541  INFO 5728 --- [main] o.a.c.c.StandardEngine                   : Starting Servlet engine: [Apache Tomcat/9.0.29]
2023-12-27 15:39:03.660  INFO 5728 --- [main] o.a.c.c.C.[.[.[/]                        : Initializing Spring embedded WebApplicationContext
2023-12-27 15:39:03.660  INFO 5728 --- [main] o.s.w.c.ContextLoader                    : Root WebApplicationContext: initialization completed in 1337 ms
2023-12-27 15:39:04.727  INFO 5728 --- [main] o.s.c.SecurityConfig                     : password2的BCryptPasswordEncoder加密密码为：$2a$10$lMFgRHoqiN0Sz8.P8UsobOauxuVbv7zsL12oS5.EVz64xtmqoFLcK
2023-12-27 15:39:04.739  WARN 5728 --- [main] c.n.c.s.URLConfigurationSource           : No URLs will be polled as dynamic configuration sources.
2023-12-27 15:39:04.739  INFO 5728 --- [main] c.n.c.s.URLConfigurationSource           : To enable URLs as dynamic configuration sources, define System property archaius.configurationSource.additionalUrls or make config.properties available on classpath.
2023-12-27 15:39:04.743  WARN 5728 --- [main] c.n.c.s.URLConfigurationSource           : No URLs will be polled as dynamic configuration sources.
2023-12-27 15:39:04.743  INFO 5728 --- [main] c.n.c.s.URLConfigurationSource           : To enable URLs as dynamic configuration sources, define System property archaius.configurationSource.additionalUrls or make config.properties available on classpath.
2023-12-27 15:39:04.934  INFO 5728 --- [main] o.s.s.c.ThreadPoolTaskExecutor           : Initializing ExecutorService 'applicationTaskExecutor'
2023-12-27 15:39:05.298  INFO 5728 --- [main] o.s.s.w.DefaultSecurityFilterChain       : Creating filter chain: any request, [org.springframework.security.web.context.request.async.WebAsyncManagerIntegrationFilter@4ed18798, org.springframework.security.web.context.SecurityContextPersistenceFilter@28a6e171, org.springframework.security.web.header.HeaderWriterFilter@45d56062, org.springframework.web.filter.CorsFilter@4b03cbad, org.springframework.security.web.authentication.logout.LogoutFilter@329dc214, org.schoole.filter.JwtAuthenticationTokenFilter@633cc6b5, org.springframework.security.web.savedrequest.RequestCacheAwareFilter@31a136a6, org.springframework.security.web.servletapi.SecurityContextHolderAwareRequestFilter@1f884bd6, org.springframework.security.web.authentication.AnonymousAuthenticationFilter@5b29ab61, org.springframework.security.web.session.SessionManagementFilter@77cca767, org.springframework.security.web.access.ExceptionTranslationFilter@35bd8bc9, org.springframework.security.web.access.intercept.FilterSecurityInterceptor@491f8831]
2023-12-27 15:39:05.646  INFO 5728 --- [main] o.s.s.c.ThreadPoolTaskScheduler          : Initializing ExecutorService
2023-12-27 15:39:06.184  WARN 5728 --- [main] c.b.m.c.m.TableInfoHelper                : Can not find table primary key in Class: "org.schoole.domain.UserRole".
2023-12-27 15:39:06.262 ERROR 5728 --- [ThreadPoolTaskScheduler-1] o.s.c.a.n.d.NacosWatch                   : Error watching Nacos Service change

java.lang.IllegalArgumentException: no server available
	at com.alibaba.nacos.client.naming.net.NamingProxy.reqAPI(NamingProxy.java:441) ~[nacos-client-1.1.4.jar:?]
	at com.alibaba.nacos.client.naming.net.NamingProxy.reqAPI(NamingProxy.java:433) ~[nacos-client-1.1.4.jar:?]
	at com.alibaba.nacos.client.naming.net.NamingProxy.reqAPI(NamingProxy.java:379) ~[nacos-client-1.1.4.jar:?]
	at com.alibaba.nacos.client.naming.net.NamingProxy.getServiceList(NamingProxy.java:361) ~[nacos-client-1.1.4.jar:?]
	at com.alibaba.nacos.client.naming.net.NamingProxy.getServiceList(NamingProxy.java:337) ~[nacos-client-1.1.4.jar:?]
	at com.alibaba.nacos.client.naming.NacosNamingService.getServicesOfServer(NacosNamingService.java:442) ~[nacos-client-1.1.4.jar:?]
	at org.springframework.cloud.alibaba.nacos.discovery.NacosWatch.nacosServicesWatch(NacosWatch.java:127) ~[spring-cloud-alibaba-nacos-discovery-0.2.2.RELEASE.jar:0.2.2.RELEASE]
	at org.springframework.scheduling.support.DelegatingErrorHandlingRunnable.run(DelegatingErrorHandlingRunnable.java:54) [spring-context-5.2.2.RELEASE.jar:5.2.2.RELEASE]
	at java.util.concurrent.Executors$RunnableAdapter.call(Executors.java:511) [?:1.8.0_92]
	at java.util.concurrent.FutureTask.runAndReset(FutureTask.java:308) [?:1.8.0_92]
	at java.util.concurrent.ScheduledThreadPoolExecutor$ScheduledFutureTask.access$301(ScheduledThreadPoolExecutor.java:180) [?:1.8.0_92]
	at java.util.concurrent.ScheduledThreadPoolExecutor$ScheduledFutureTask.run(ScheduledThreadPoolExecutor.java:294) [?:1.8.0_92]
	at java.util.concurrent.ThreadPoolExecutor.runWorker(ThreadPoolExecutor.java:1142) [?:1.8.0_92]
	at java.util.concurrent.ThreadPoolExecutor$Worker.run(ThreadPoolExecutor.java:617) [?:1.8.0_92]
	at java.lang.Thread.run(Thread.java:745) [?:1.8.0_92]

2023-12-27 15:39:06.295  INFO 5728 --- [main] o.s.b.w.e.t.TomcatWebServer              : Tomcat started on port(s): 8084 (http) with context path ''
2023-12-27 15:39:06.320 ERROR 5728 --- [main] o.s.c.a.n.r.NacosServiceRegistry         : nacos registry, modified-order-service register failed...NacosRegistration{nacosDiscoveryProperties=NacosDiscoveryProperties{serverAddr='', endpoint='', namespace='', watchDelay=30000, logName='', service='modified-order-service', weight=1.0, clusterName='DEFAULT', namingLoadCacheAtStart='false', metadata={preserved.register.source=SPRING_CLOUD}, registerEnabled=true, ip='10.13.224.198', networkInterface='', port=8084, secure=false, accessKey='', secretKey=''}},

java.lang.IllegalArgumentException: no server available
	at com.alibaba.nacos.client.naming.net.NamingProxy.reqAPI(NamingProxy.java:441) ~[nacos-client-1.1.4.jar:?]
	at com.alibaba.nacos.client.naming.net.NamingProxy.reqAPI(NamingProxy.java:389) ~[nacos-client-1.1.4.jar:?]
	at com.alibaba.nacos.client.naming.net.NamingProxy.registerService(NamingProxy.java:191) ~[nacos-client-1.1.4.jar:?]
	at com.alibaba.nacos.client.naming.NacosNamingService.registerInstance(NacosNamingService.java:207) ~[nacos-client-1.1.4.jar:?]
	at com.alibaba.nacos.client.naming.NacosNamingService.registerInstance(NacosNamingService.java:186) ~[nacos-client-1.1.4.jar:?]
	at org.springframework.cloud.alibaba.nacos.registry.NacosServiceRegistry.register(NacosServiceRegistry.java:63) [spring-cloud-alibaba-nacos-discovery-0.2.2.RELEASE.jar:0.2.2.RELEASE]
	at org.springframework.cloud.client.serviceregistry.AbstractAutoServiceRegistration.register(AbstractAutoServiceRegistration.java:239) [spring-cloud-commons-2.2.0.RELEASE.jar:2.2.0.RELEASE]
	at org.springframework.cloud.alibaba.nacos.registry.NacosAutoServiceRegistration.register(NacosAutoServiceRegistration.java:74) [spring-cloud-alibaba-nacos-discovery-0.2.2.RELEASE.jar:0.2.2.RELEASE]
	at org.springframework.cloud.client.serviceregistry.AbstractAutoServiceRegistration.start(AbstractAutoServiceRegistration.java:138) [spring-cloud-commons-2.2.0.RELEASE.jar:2.2.0.RELEASE]
	at org.springframework.cloud.client.serviceregistry.AbstractAutoServiceRegistration.bind(AbstractAutoServiceRegistration.java:101) [spring-cloud-commons-2.2.0.RELEASE.jar:2.2.0.RELEASE]
	at org.springframework.cloud.client.serviceregistry.AbstractAutoServiceRegistration.onApplicationEvent(AbstractAutoServiceRegistration.java:88) [spring-cloud-commons-2.2.0.RELEASE.jar:2.2.0.RELEASE]
	at org.springframework.cloud.client.serviceregistry.AbstractAutoServiceRegistration.onApplicationEvent(AbstractAutoServiceRegistration.java:47) [spring-cloud-commons-2.2.0.RELEASE.jar:2.2.0.RELEASE]
	at org.springframework.context.event.SimpleApplicationEventMulticaster.doInvokeListener(SimpleApplicationEventMulticaster.java:172) [spring-context-5.2.2.RELEASE.jar:5.2.2.RELEASE]
	at org.springframework.context.event.SimpleApplicationEventMulticaster.invokeListener(SimpleApplicationEventMulticaster.java:165) [spring-context-5.2.2.RELEASE.jar:5.2.2.RELEASE]
	at org.springframework.context.event.SimpleApplicationEventMulticaster.multicastEvent(SimpleApplicationEventMulticaster.java:139) [spring-context-5.2.2.RELEASE.jar:5.2.2.RELEASE]
	at org.springframework.context.support.AbstractApplicationContext.publishEvent(AbstractApplicationContext.java:403) [spring-context-5.2.2.RELEASE.jar:5.2.2.RELEASE]
	at org.springframework.context.support.AbstractApplicationContext.publishEvent(AbstractApplicationContext.java:360) [spring-context-5.2.2.RELEASE.jar:5.2.2.RELEASE]
	at org.springframework.boot.web.servlet.context.ServletWebServerApplicationContext.finishRefresh(ServletWebServerApplicationContext.java:165) [spring-boot-2.2.2.RELEASE.jar:2.2.2.RELEASE]
	at org.springframework.context.support.AbstractApplicationContext.refresh(AbstractApplicationContext.java:553) [spring-context-5.2.2.RELEASE.jar:5.2.2.RELEASE]
	at org.springframework.boot.web.servlet.context.ServletWebServerApplicationContext.refresh(ServletWebServerApplicationContext.java:141) [spring-boot-2.2.2.RELEASE.jar:2.2.2.RELEASE]
	at org.springframework.boot.SpringApplication.refresh(SpringApplication.java:747) [spring-boot-2.2.2.RELEASE.jar:2.2.2.RELEASE]
	at org.springframework.boot.SpringApplication.refreshContext(SpringApplication.java:397) [spring-boot-2.2.2.RELEASE.jar:2.2.2.RELEASE]
	at org.springframework.boot.SpringApplication.run(SpringApplication.java:315) [spring-boot-2.2.2.RELEASE.jar:2.2.2.RELEASE]
	at org.springframework.boot.SpringApplication.run(SpringApplication.java:1226) [spring-boot-2.2.2.RELEASE.jar:2.2.2.RELEASE]
	at org.springframework.boot.SpringApplication.run(SpringApplication.java:1215) [spring-boot-2.2.2.RELEASE.jar:2.2.2.RELEASE]
	at org.schoole.finance.main(Main.java:13) [classes/:?]

2023-12-27 15:39:06.593  INFO 5728 --- [main] o.s.Main                                 : Started Main in 5.565 seconds (JVM running for 7.185)
2023-12-27 15:39:36.281 ERROR 5728 --- [ThreadPoolTaskScheduler-1] o.s.c.a.n.d.NacosWatch                   : Error watching Nacos Service change

java.lang.IllegalArgumentException: no server available
	at com.alibaba.nacos.client.naming.net.NamingProxy.reqAPI(NamingProxy.java:441) ~[nacos-client-1.1.4.jar:?]
	at com.alibaba.nacos.client.naming.net.NamingProxy.reqAPI(NamingProxy.java:433) ~[nacos-client-1.1.4.jar:?]
	at com.alibaba.nacos.client.naming.net.NamingProxy.reqAPI(NamingProxy.java:379) ~[nacos-client-1.1.4.jar:?]
	at com.alibaba.nacos.client.naming.net.NamingProxy.getServiceList(NamingProxy.java:361) ~[nacos-client-1.1.4.jar:?]
	at com.alibaba.nacos.client.naming.net.NamingProxy.getServiceList(NamingProxy.java:337) ~[nacos-client-1.1.4.jar:?]
	at com.alibaba.nacos.client.naming.NacosNamingService.getServicesOfServer(NacosNamingService.java:442) ~[nacos-client-1.1.4.jar:?]
	at org.springframework.cloud.alibaba.nacos.discovery.NacosWatch.nacosServicesWatch(NacosWatch.java:127) ~[spring-cloud-alibaba-nacos-discovery-0.2.2.RELEASE.jar:0.2.2.RELEASE]
	at org.springframework.scheduling.support.DelegatingErrorHandlingRunnable.run(DelegatingErrorHandlingRunnable.java:54) [spring-context-5.2.2.RELEASE.jar:5.2.2.RELEASE]
	at java.util.concurrent.Executors$RunnableAdapter.call(Executors.java:511) [?:1.8.0_92]
	at java.util.concurrent.FutureTask.runAndReset(FutureTask.java:308) [?:1.8.0_92]
	at java.util.concurrent.ScheduledThreadPoolExecutor$ScheduledFutureTask.access$301(ScheduledThreadPoolExecutor.java:180) [?:1.8.0_92]
	at java.util.concurrent.ScheduledThreadPoolExecutor$ScheduledFutureTask.run(ScheduledThreadPoolExecutor.java:294) [?:1.8.0_92]
	at java.util.concurrent.ThreadPoolExecutor.runWorker(ThreadPoolExecutor.java:1142) [?:1.8.0_92]
	at java.util.concurrent.ThreadPoolExecutor$Worker.run(ThreadPoolExecutor.java:617) [?:1.8.0_92]
	at java.lang.Thread.run(Thread.java:745) [?:1.8.0_92]

2023-12-27 15:39:53.607  INFO 5728 --- [SpringContextShutdownHook] o.s.c.a.n.r.NacosServiceRegistry         : De-registering from Nacos Server now...
2023-12-27 15:39:53.607 ERROR 5728 --- [SpringContextShutdownHook] o.s.c.a.n.r.NacosServiceRegistry         : ERR_NACOS_DEREGISTER, de-register failed...NacosRegistration{nacosDiscoveryProperties=NacosDiscoveryProperties{serverAddr='', endpoint='', namespace='', watchDelay=30000, logName='', service='modified-order-service', weight=1.0, clusterName='DEFAULT', namingLoadCacheAtStart='false', metadata={preserved.register.source=SPRING_CLOUD}, registerEnabled=true, ip='10.13.224.198', networkInterface='', port=8084, secure=false, accessKey='', secretKey=''}},

java.lang.IllegalArgumentException: no server available
	at com.alibaba.nacos.client.naming.net.NamingProxy.reqAPI(NamingProxy.java:441) ~[nacos-client-1.1.4.jar:?]
	at com.alibaba.nacos.client.naming.net.NamingProxy.reqAPI(NamingProxy.java:389) ~[nacos-client-1.1.4.jar:?]
	at com.alibaba.nacos.client.naming.net.NamingProxy.deregisterService(NamingProxy.java:208) ~[nacos-client-1.1.4.jar:?]
	at com.alibaba.nacos.client.naming.NacosNamingService.deregisterInstance(NacosNamingService.java:246) ~[nacos-client-1.1.4.jar:?]
	at com.alibaba.nacos.client.naming.NacosNamingService.deregisterInstance(NacosNamingService.java:233) ~[nacos-client-1.1.4.jar:?]
	at com.alibaba.nacos.client.naming.NacosNamingService.deregisterInstance(NacosNamingService.java:223) ~[nacos-client-1.1.4.jar:?]
	at org.springframework.cloud.alibaba.nacos.registry.NacosServiceRegistry.deregister(NacosServiceRegistry.java:87) [spring-cloud-alibaba-nacos-discovery-0.2.2.RELEASE.jar:0.2.2.RELEASE]
	at org.springframework.cloud.client.serviceregistry.AbstractAutoServiceRegistration.deregister(AbstractAutoServiceRegistration.java:256) [spring-cloud-commons-2.2.0.RELEASE.jar:2.2.0.RELEASE]
	at org.springframework.cloud.client.serviceregistry.AbstractAutoServiceRegistration.stop(AbstractAutoServiceRegistration.java:271) [spring-cloud-commons-2.2.0.RELEASE.jar:2.2.0.RELEASE]
	at org.springframework.cloud.client.serviceregistry.AbstractAutoServiceRegistration.destroy(AbstractAutoServiceRegistration.java:208) [spring-cloud-commons-2.2.0.RELEASE.jar:2.2.0.RELEASE]
	at sun.reflect.NativeMethodAccessorImpl.invoke0(Native Method) ~[?:1.8.0_92]
	at sun.reflect.NativeMethodAccessorImpl.invoke(NativeMethodAccessorImpl.java:62) ~[?:1.8.0_92]
	at sun.reflect.DelegatingMethodAccessorImpl.invoke(DelegatingMethodAccessorImpl.java:43) ~[?:1.8.0_92]
	at java.lang.reflect.Method.invoke(Method.java:498) ~[?:1.8.0_92]
	at org.springframework.beans.factory.annotation.InitDestroyAnnotationBeanPostProcessor$LifecycleElement.invoke(InitDestroyAnnotationBeanPostProcessor.java:389) [spring-beans-5.2.2.RELEASE.jar:5.2.2.RELEASE]
	at org.springframework.beans.factory.annotation.InitDestroyAnnotationBeanPostProcessor$LifecycleMetadata.invokeDestroyMethods(InitDestroyAnnotationBeanPostProcessor.java:347) [spring-beans-5.2.2.RELEASE.jar:5.2.2.RELEASE]
	at org.springframework.beans.factory.annotation.InitDestroyAnnotationBeanPostProcessor.postProcessBeforeDestruction(InitDestroyAnnotationBeanPostProcessor.java:177) [spring-beans-5.2.2.RELEASE.jar:5.2.2.RELEASE]
	at org.springframework.beans.factory.support.DisposableBeanAdapter.destroy(DisposableBeanAdapter.java:242) [spring-beans-5.2.2.RELEASE.jar:5.2.2.RELEASE]
	at org.springframework.beans.factory.support.DefaultSingletonBeanRegistry.destroyBean(DefaultSingletonBeanRegistry.java:571) [spring-beans-5.2.2.RELEASE.jar:5.2.2.RELEASE]
	at org.springframework.beans.factory.support.DefaultSingletonBeanRegistry.destroySingleton(DefaultSingletonBeanRegistry.java:543) [spring-beans-5.2.2.RELEASE.jar:5.2.2.RELEASE]
	at org.springframework.beans.factory.support.DefaultListableBeanFactory.destroySingleton(DefaultListableBeanFactory.java:1072) [spring-beans-5.2.2.RELEASE.jar:5.2.2.RELEASE]
	at org.springframework.beans.factory.support.DefaultSingletonBeanRegistry.destroySingletons(DefaultSingletonBeanRegistry.java:504) [spring-beans-5.2.2.RELEASE.jar:5.2.2.RELEASE]
	at org.springframework.beans.factory.support.DefaultListableBeanFactory.destroySingletons(DefaultListableBeanFactory.java:1065) [spring-beans-5.2.2.RELEASE.jar:5.2.2.RELEASE]
	at org.springframework.context.support.AbstractApplicationContext.destroyBeans(AbstractApplicationContext.java:1060) [spring-context-5.2.2.RELEASE.jar:5.2.2.RELEASE]
	at org.springframework.context.support.AbstractApplicationContext.doClose(AbstractApplicationContext.java:1029) [spring-context-5.2.2.RELEASE.jar:5.2.2.RELEASE]
	at org.springframework.context.support.AbstractApplicationContext$1.run(AbstractApplicationContext.java:948) [spring-context-5.2.2.RELEASE.jar:5.2.2.RELEASE]

2023-12-27 15:39:53.608  INFO 5728 --- [SpringContextShutdownHook] o.s.c.a.n.r.NacosServiceRegistry         : De-registration finished.
2023-12-27 15:39:53.609  INFO 5728 --- [SpringContextShutdownHook] o.s.s.c.ThreadPoolTaskExecutor           : Shutting down ExecutorService 'applicationTaskExecutor'
2023-12-27 15:39:59.594  INFO 29836 --- [main] o.s.Main                                 : No active profile set, falling back to default profiles: default
2023-12-27 15:40:00.170  INFO 29836 --- [main] .s.d.r.c.RepositoryConfigurationDelegate : Multiple Spring Data modules found, entering strict repository configuration mode!
2023-12-27 15:40:00.173  INFO 29836 --- [main] .s.d.r.c.RepositoryConfigurationDelegate : Bootstrapping Spring Data Redis repositories in DEFAULT mode.
2023-12-27 15:40:00.215  INFO 29836 --- [main] .s.d.r.c.RepositoryConfigurationDelegate : Finished Spring Data repository scanning in 29ms. Found 0 Redis repository interfaces.
2023-12-27 15:40:00.447  INFO 29836 --- [main] o.s.c.c.s.GenericScope                   : BeanFactory id=b5e24500-e114-3004-9f96-d9e39b5d5d8d
2023-12-27 15:40:00.543  INFO 29836 --- [main] trationDelegate$BeanPostProcessorChecker : Bean 'org.springframework.transaction.annotation.ProxyTransactionManagementConfiguration' of type [org.springframework.transaction.annotation.ProxyTransactionManagementConfiguration] is not eligible for getting processed by all BeanPostProcessors (for example: not eligible for auto-proxying)
2023-12-27 15:40:00.579  INFO 29836 --- [main] trationDelegate$BeanPostProcessorChecker : Bean 'org.springframework.security.config.annotation.configuration.ObjectPostProcessorConfiguration' of type [org.springframework.security.config.annotation.configuration.ObjectPostProcessorConfiguration] is not eligible for getting processed by all BeanPostProcessors (for example: not eligible for auto-proxying)
2023-12-27 15:40:00.583  INFO 29836 --- [main] trationDelegate$BeanPostProcessorChecker : Bean 'objectPostProcessor' of type [org.springframework.security.config.annotation.configuration.AutowireBeanFactoryObjectPostProcessor] is not eligible for getting processed by all BeanPostProcessors (for example: not eligible for auto-proxying)
2023-12-27 15:40:00.585  INFO 29836 --- [main] trationDelegate$BeanPostProcessorChecker : Bean 'org.springframework.security.access.expression.method.DefaultMethodSecurityExpressionHandler@2acbc859' of type [org.springframework.security.access.expression.method.DefaultMethodSecurityExpressionHandler] is not eligible for getting processed by all BeanPostProcessors (for example: not eligible for auto-proxying)
2023-12-27 15:40:00.586  INFO 29836 --- [main] trationDelegate$BeanPostProcessorChecker : Bean 'org.springframework.security.config.annotation.method.configuration.GlobalMethodSecurityConfiguration' of type [org.springframework.security.config.annotation.method.configuration.GlobalMethodSecurityConfiguration] is not eligible for getting processed by all BeanPostProcessors (for example: not eligible for auto-proxying)
2023-12-27 15:40:00.588  INFO 29836 --- [main] trationDelegate$BeanPostProcessorChecker : Bean 'methodSecurityMetadataSource' of type [org.springframework.security.access.method.DelegatingMethodSecurityMetadataSource] is not eligible for getting processed by all BeanPostProcessors (for example: not eligible for auto-proxying)
2023-12-27 15:40:00.601  INFO 29836 --- [main] trationDelegate$BeanPostProcessorChecker : Bean 'org.springframework.cloud.autoconfigure.ConfigurationPropertiesRebinderAutoConfiguration' of type [org.springframework.cloud.autoconfigure.ConfigurationPropertiesRebinderAutoConfiguration] is not eligible for getting processed by all BeanPostProcessors (for example: not eligible for auto-proxying)
2023-12-27 15:40:00.867  INFO 29836 --- [main] o.s.b.w.e.t.TomcatWebServer              : Tomcat initialized with port(s): 8084 (http)
2023-12-27 15:40:00.878  INFO 29836 --- [main] o.a.c.c.StandardService                  : Starting service [Tomcat]
2023-12-27 15:40:00.879  INFO 29836 --- [main] o.a.c.c.StandardEngine                   : Starting Servlet engine: [Apache Tomcat/9.0.29]
2023-12-27 15:40:01.004  INFO 29836 --- [main] o.a.c.c.C.[.[.[/]                        : Initializing Spring embedded WebApplicationContext
2023-12-27 15:40:01.005  INFO 29836 --- [main] o.s.w.c.ContextLoader                    : Root WebApplicationContext: initialization completed in 1399 ms
2023-12-27 15:40:02.142  INFO 29836 --- [main] o.s.c.SecurityConfig                     : password2的BCryptPasswordEncoder加密密码为：$2a$10$7Bx/BCwEvTSggeoDyPp4Guv2HqzdIBXnffGaHs./d5zmVAsOCzR3.
2023-12-27 15:40:02.156  WARN 29836 --- [main] c.n.c.s.URLConfigurationSource           : No URLs will be polled as dynamic configuration sources.
2023-12-27 15:40:02.156  INFO 29836 --- [main] c.n.c.s.URLConfigurationSource           : To enable URLs as dynamic configuration sources, define System property archaius.configurationSource.additionalUrls or make config.properties available on classpath.
2023-12-27 15:40:02.161  WARN 29836 --- [main] c.n.c.s.URLConfigurationSource           : No URLs will be polled as dynamic configuration sources.
2023-12-27 15:40:02.161  INFO 29836 --- [main] c.n.c.s.URLConfigurationSource           : To enable URLs as dynamic configuration sources, define System property archaius.configurationSource.additionalUrls or make config.properties available on classpath.
2023-12-27 15:40:02.341  INFO 29836 --- [main] o.s.s.c.ThreadPoolTaskExecutor           : Initializing ExecutorService 'applicationTaskExecutor'
2023-12-27 15:40:02.687  INFO 29836 --- [main] o.s.s.w.DefaultSecurityFilterChain       : Creating filter chain: any request, [org.springframework.security.web.context.request.async.WebAsyncManagerIntegrationFilter@5a05dd30, org.springframework.security.web.context.SecurityContextPersistenceFilter@5ec6fede, org.springframework.security.web.header.HeaderWriterFilter@4b03cbad, org.springframework.web.filter.CorsFilter@1b52699c, org.springframework.security.web.authentication.logout.LogoutFilter@3a296107, org.schoole.filter.JwtAuthenticationTokenFilter@1d408060, org.springframework.security.web.savedrequest.RequestCacheAwareFilter@3757e8e2, org.springframework.security.web.servletapi.SecurityContextHolderAwareRequestFilter@47044f7d, org.springframework.security.web.authentication.AnonymousAuthenticationFilter@dbed7fd, org.springframework.security.web.session.SessionManagementFilter@7ab2a07e, org.springframework.security.web.access.ExceptionTranslationFilter@14b275bd, org.springframework.security.web.access.intercept.FilterSecurityInterceptor@26e8ff8c]
2023-12-27 15:40:03.040  INFO 29836 --- [main] o.s.s.c.ThreadPoolTaskScheduler          : Initializing ExecutorService
2023-12-27 15:40:03.591  WARN 29836 --- [main] c.b.m.c.m.TableInfoHelper                : Can not find table primary key in Class: "org.schoole.domain.UserRole".
2023-12-27 15:40:03.668 ERROR 29836 --- [ThreadPoolTaskScheduler-1] o.s.c.a.n.d.NacosWatch                   : Error watching Nacos Service change

java.lang.IllegalArgumentException: no server available
	at com.alibaba.nacos.client.naming.net.NamingProxy.reqAPI(NamingProxy.java:441) ~[nacos-client-1.1.4.jar:?]
	at com.alibaba.nacos.client.naming.net.NamingProxy.reqAPI(NamingProxy.java:433) ~[nacos-client-1.1.4.jar:?]
	at com.alibaba.nacos.client.naming.net.NamingProxy.reqAPI(NamingProxy.java:379) ~[nacos-client-1.1.4.jar:?]
	at com.alibaba.nacos.client.naming.net.NamingProxy.getServiceList(NamingProxy.java:361) ~[nacos-client-1.1.4.jar:?]
	at com.alibaba.nacos.client.naming.net.NamingProxy.getServiceList(NamingProxy.java:337) ~[nacos-client-1.1.4.jar:?]
	at com.alibaba.nacos.client.naming.NacosNamingService.getServicesOfServer(NacosNamingService.java:442) ~[nacos-client-1.1.4.jar:?]
	at org.springframework.cloud.alibaba.nacos.discovery.NacosWatch.nacosServicesWatch(NacosWatch.java:127) ~[spring-cloud-alibaba-nacos-discovery-0.2.2.RELEASE.jar:0.2.2.RELEASE]
	at org.springframework.scheduling.support.DelegatingErrorHandlingRunnable.run(DelegatingErrorHandlingRunnable.java:54) [spring-context-5.2.2.RELEASE.jar:5.2.2.RELEASE]
	at java.util.concurrent.Executors$RunnableAdapter.call(Executors.java:511) [?:1.8.0_92]
	at java.util.concurrent.FutureTask.runAndReset(FutureTask.java:308) [?:1.8.0_92]
	at java.util.concurrent.ScheduledThreadPoolExecutor$ScheduledFutureTask.access$301(ScheduledThreadPoolExecutor.java:180) [?:1.8.0_92]
	at java.util.concurrent.ScheduledThreadPoolExecutor$ScheduledFutureTask.run(ScheduledThreadPoolExecutor.java:294) [?:1.8.0_92]
	at java.util.concurrent.ThreadPoolExecutor.runWorker(ThreadPoolExecutor.java:1142) [?:1.8.0_92]
	at java.util.concurrent.ThreadPoolExecutor$Worker.run(ThreadPoolExecutor.java:617) [?:1.8.0_92]
	at java.lang.Thread.run(Thread.java:745) [?:1.8.0_92]

2023-12-27 15:40:03.693  INFO 29836 --- [main] o.s.b.w.e.t.TomcatWebServer              : Tomcat started on port(s): 8084 (http) with context path ''
2023-12-27 15:40:03.717 ERROR 29836 --- [main] o.s.c.a.n.r.NacosServiceRegistry         : nacos registry, modified-order-service register failed...NacosRegistration{nacosDiscoveryProperties=NacosDiscoveryProperties{serverAddr='', endpoint='', namespace='', watchDelay=30000, logName='', service='modified-order-service', weight=1.0, clusterName='DEFAULT', namingLoadCacheAtStart='false', metadata={preserved.register.source=SPRING_CLOUD}, registerEnabled=true, ip='10.13.224.198', networkInterface='', port=8084, secure=false, accessKey='', secretKey=''}},

java.lang.IllegalArgumentException: no server available
	at com.alibaba.nacos.client.naming.net.NamingProxy.reqAPI(NamingProxy.java:441) ~[nacos-client-1.1.4.jar:?]
	at com.alibaba.nacos.client.naming.net.NamingProxy.reqAPI(NamingProxy.java:389) ~[nacos-client-1.1.4.jar:?]
	at com.alibaba.nacos.client.naming.net.NamingProxy.registerService(NamingProxy.java:191) ~[nacos-client-1.1.4.jar:?]
	at com.alibaba.nacos.client.naming.NacosNamingService.registerInstance(NacosNamingService.java:207) ~[nacos-client-1.1.4.jar:?]
	at com.alibaba.nacos.client.naming.NacosNamingService.registerInstance(NacosNamingService.java:186) ~[nacos-client-1.1.4.jar:?]
	at org.springframework.cloud.alibaba.nacos.registry.NacosServiceRegistry.register(NacosServiceRegistry.java:63) [spring-cloud-alibaba-nacos-discovery-0.2.2.RELEASE.jar:0.2.2.RELEASE]
	at org.springframework.cloud.client.serviceregistry.AbstractAutoServiceRegistration.register(AbstractAutoServiceRegistration.java:239) [spring-cloud-commons-2.2.0.RELEASE.jar:2.2.0.RELEASE]
	at org.springframework.cloud.alibaba.nacos.registry.NacosAutoServiceRegistration.register(NacosAutoServiceRegistration.java:74) [spring-cloud-alibaba-nacos-discovery-0.2.2.RELEASE.jar:0.2.2.RELEASE]
	at org.springframework.cloud.client.serviceregistry.AbstractAutoServiceRegistration.start(AbstractAutoServiceRegistration.java:138) [spring-cloud-commons-2.2.0.RELEASE.jar:2.2.0.RELEASE]
	at org.springframework.cloud.client.serviceregistry.AbstractAutoServiceRegistration.bind(AbstractAutoServiceRegistration.java:101) [spring-cloud-commons-2.2.0.RELEASE.jar:2.2.0.RELEASE]
	at org.springframework.cloud.client.serviceregistry.AbstractAutoServiceRegistration.onApplicationEvent(AbstractAutoServiceRegistration.java:88) [spring-cloud-commons-2.2.0.RELEASE.jar:2.2.0.RELEASE]
	at org.springframework.cloud.client.serviceregistry.AbstractAutoServiceRegistration.onApplicationEvent(AbstractAutoServiceRegistration.java:47) [spring-cloud-commons-2.2.0.RELEASE.jar:2.2.0.RELEASE]
	at org.springframework.context.event.SimpleApplicationEventMulticaster.doInvokeListener(SimpleApplicationEventMulticaster.java:172) [spring-context-5.2.2.RELEASE.jar:5.2.2.RELEASE]
	at org.springframework.context.event.SimpleApplicationEventMulticaster.invokeListener(SimpleApplicationEventMulticaster.java:165) [spring-context-5.2.2.RELEASE.jar:5.2.2.RELEASE]
	at org.springframework.context.event.SimpleApplicationEventMulticaster.multicastEvent(SimpleApplicationEventMulticaster.java:139) [spring-context-5.2.2.RELEASE.jar:5.2.2.RELEASE]
	at org.springframework.context.support.AbstractApplicationContext.publishEvent(AbstractApplicationContext.java:403) [spring-context-5.2.2.RELEASE.jar:5.2.2.RELEASE]
	at org.springframework.context.support.AbstractApplicationContext.publishEvent(AbstractApplicationContext.java:360) [spring-context-5.2.2.RELEASE.jar:5.2.2.RELEASE]
	at org.springframework.boot.web.servlet.context.ServletWebServerApplicationContext.finishRefresh(ServletWebServerApplicationContext.java:165) [spring-boot-2.2.2.RELEASE.jar:2.2.2.RELEASE]
	at org.springframework.context.support.AbstractApplicationContext.refresh(AbstractApplicationContext.java:553) [spring-context-5.2.2.RELEASE.jar:5.2.2.RELEASE]
	at org.springframework.boot.web.servlet.context.ServletWebServerApplicationContext.refresh(ServletWebServerApplicationContext.java:141) [spring-boot-2.2.2.RELEASE.jar:2.2.2.RELEASE]
	at org.springframework.boot.SpringApplication.refresh(SpringApplication.java:747) [spring-boot-2.2.2.RELEASE.jar:2.2.2.RELEASE]
	at org.springframework.boot.SpringApplication.refreshContext(SpringApplication.java:397) [spring-boot-2.2.2.RELEASE.jar:2.2.2.RELEASE]
	at org.springframework.boot.SpringApplication.run(SpringApplication.java:315) [spring-boot-2.2.2.RELEASE.jar:2.2.2.RELEASE]
	at org.springframework.boot.SpringApplication.run(SpringApplication.java:1226) [spring-boot-2.2.2.RELEASE.jar:2.2.2.RELEASE]
	at org.springframework.boot.SpringApplication.run(SpringApplication.java:1215) [spring-boot-2.2.2.RELEASE.jar:2.2.2.RELEASE]
	at org.schoole.finance.main(Main.java:13) [classes/:?]

2023-12-27 15:40:03.995  INFO 29836 --- [main] o.s.Main                                 : Started Main in 5.676 seconds (JVM running for 7.28)
2023-12-27 15:40:33.672 ERROR 29836 --- [ThreadPoolTaskScheduler-1] o.s.c.a.n.d.NacosWatch                   : Error watching Nacos Service change

java.lang.IllegalArgumentException: no server available
	at com.alibaba.nacos.client.naming.net.NamingProxy.reqAPI(NamingProxy.java:441) ~[nacos-client-1.1.4.jar:?]
	at com.alibaba.nacos.client.naming.net.NamingProxy.reqAPI(NamingProxy.java:433) ~[nacos-client-1.1.4.jar:?]
	at com.alibaba.nacos.client.naming.net.NamingProxy.reqAPI(NamingProxy.java:379) ~[nacos-client-1.1.4.jar:?]
	at com.alibaba.nacos.client.naming.net.NamingProxy.getServiceList(NamingProxy.java:361) ~[nacos-client-1.1.4.jar:?]
	at com.alibaba.nacos.client.naming.net.NamingProxy.getServiceList(NamingProxy.java:337) ~[nacos-client-1.1.4.jar:?]
	at com.alibaba.nacos.client.naming.NacosNamingService.getServicesOfServer(NacosNamingService.java:442) ~[nacos-client-1.1.4.jar:?]
	at org.springframework.cloud.alibaba.nacos.discovery.NacosWatch.nacosServicesWatch(NacosWatch.java:127) ~[spring-cloud-alibaba-nacos-discovery-0.2.2.RELEASE.jar:0.2.2.RELEASE]
	at org.springframework.scheduling.support.DelegatingErrorHandlingRunnable.run(DelegatingErrorHandlingRunnable.java:54) [spring-context-5.2.2.RELEASE.jar:5.2.2.RELEASE]
	at java.util.concurrent.Executors$RunnableAdapter.call(Executors.java:511) [?:1.8.0_92]
	at java.util.concurrent.FutureTask.runAndReset(FutureTask.java:308) [?:1.8.0_92]
	at java.util.concurrent.ScheduledThreadPoolExecutor$ScheduledFutureTask.access$301(ScheduledThreadPoolExecutor.java:180) [?:1.8.0_92]
	at java.util.concurrent.ScheduledThreadPoolExecutor$ScheduledFutureTask.run(ScheduledThreadPoolExecutor.java:294) [?:1.8.0_92]
	at java.util.concurrent.ThreadPoolExecutor.runWorker(ThreadPoolExecutor.java:1142) [?:1.8.0_92]
	at java.util.concurrent.ThreadPoolExecutor$Worker.run(ThreadPoolExecutor.java:617) [?:1.8.0_92]
	at java.lang.Thread.run(Thread.java:745) [?:1.8.0_92]

2023-12-27 15:41:03.679 ERROR 29836 --- [ThreadPoolTaskScheduler-1] o.s.c.a.n.d.NacosWatch                   : Error watching Nacos Service change

java.lang.IllegalArgumentException: no server available
	at com.alibaba.nacos.client.naming.net.NamingProxy.reqAPI(NamingProxy.java:441) ~[nacos-client-1.1.4.jar:?]
	at com.alibaba.nacos.client.naming.net.NamingProxy.reqAPI(NamingProxy.java:433) ~[nacos-client-1.1.4.jar:?]
	at com.alibaba.nacos.client.naming.net.NamingProxy.reqAPI(NamingProxy.java:379) ~[nacos-client-1.1.4.jar:?]
	at com.alibaba.nacos.client.naming.net.NamingProxy.getServiceList(NamingProxy.java:361) ~[nacos-client-1.1.4.jar:?]
	at com.alibaba.nacos.client.naming.net.NamingProxy.getServiceList(NamingProxy.java:337) ~[nacos-client-1.1.4.jar:?]
	at com.alibaba.nacos.client.naming.NacosNamingService.getServicesOfServer(NacosNamingService.java:442) ~[nacos-client-1.1.4.jar:?]
	at org.springframework.cloud.alibaba.nacos.discovery.NacosWatch.nacosServicesWatch(NacosWatch.java:127) ~[spring-cloud-alibaba-nacos-discovery-0.2.2.RELEASE.jar:0.2.2.RELEASE]
	at org.springframework.scheduling.support.DelegatingErrorHandlingRunnable.run(DelegatingErrorHandlingRunnable.java:54) [spring-context-5.2.2.RELEASE.jar:5.2.2.RELEASE]
	at java.util.concurrent.Executors$RunnableAdapter.call(Executors.java:511) [?:1.8.0_92]
	at java.util.concurrent.FutureTask.runAndReset(FutureTask.java:308) [?:1.8.0_92]
	at java.util.concurrent.ScheduledThreadPoolExecutor$ScheduledFutureTask.access$301(ScheduledThreadPoolExecutor.java:180) [?:1.8.0_92]
	at java.util.concurrent.ScheduledThreadPoolExecutor$ScheduledFutureTask.run(ScheduledThreadPoolExecutor.java:294) [?:1.8.0_92]
	at java.util.concurrent.ThreadPoolExecutor.runWorker(ThreadPoolExecutor.java:1142) [?:1.8.0_92]
	at java.util.concurrent.ThreadPoolExecutor$Worker.run(ThreadPoolExecutor.java:617) [?:1.8.0_92]
	at java.lang.Thread.run(Thread.java:745) [?:1.8.0_92]

2023-12-27 15:41:33.686 ERROR 29836 --- [ThreadPoolTaskScheduler-1] o.s.c.a.n.d.NacosWatch                   : Error watching Nacos Service change

java.lang.IllegalArgumentException: no server available
	at com.alibaba.nacos.client.naming.net.NamingProxy.reqAPI(NamingProxy.java:441) ~[nacos-client-1.1.4.jar:?]
	at com.alibaba.nacos.client.naming.net.NamingProxy.reqAPI(NamingProxy.java:433) ~[nacos-client-1.1.4.jar:?]
	at com.alibaba.nacos.client.naming.net.NamingProxy.reqAPI(NamingProxy.java:379) ~[nacos-client-1.1.4.jar:?]
	at com.alibaba.nacos.client.naming.net.NamingProxy.getServiceList(NamingProxy.java:361) ~[nacos-client-1.1.4.jar:?]
	at com.alibaba.nacos.client.naming.net.NamingProxy.getServiceList(NamingProxy.java:337) ~[nacos-client-1.1.4.jar:?]
	at com.alibaba.nacos.client.naming.NacosNamingService.getServicesOfServer(NacosNamingService.java:442) ~[nacos-client-1.1.4.jar:?]
	at org.springframework.cloud.alibaba.nacos.discovery.NacosWatch.nacosServicesWatch(NacosWatch.java:127) ~[spring-cloud-alibaba-nacos-discovery-0.2.2.RELEASE.jar:0.2.2.RELEASE]
	at org.springframework.scheduling.support.DelegatingErrorHandlingRunnable.run(DelegatingErrorHandlingRunnable.java:54) [spring-context-5.2.2.RELEASE.jar:5.2.2.RELEASE]
	at java.util.concurrent.Executors$RunnableAdapter.call(Executors.java:511) [?:1.8.0_92]
	at java.util.concurrent.FutureTask.runAndReset(FutureTask.java:308) [?:1.8.0_92]
	at java.util.concurrent.ScheduledThreadPoolExecutor$ScheduledFutureTask.access$301(ScheduledThreadPoolExecutor.java:180) [?:1.8.0_92]
	at java.util.concurrent.ScheduledThreadPoolExecutor$ScheduledFutureTask.run(ScheduledThreadPoolExecutor.java:294) [?:1.8.0_92]
	at java.util.concurrent.ThreadPoolExecutor.runWorker(ThreadPoolExecutor.java:1142) [?:1.8.0_92]
	at java.util.concurrent.ThreadPoolExecutor$Worker.run(ThreadPoolExecutor.java:617) [?:1.8.0_92]
	at java.lang.Thread.run(Thread.java:745) [?:1.8.0_92]

2023-12-27 15:42:03.701 ERROR 29836 --- [ThreadPoolTaskScheduler-1] o.s.c.a.n.d.NacosWatch                   : Error watching Nacos Service change

java.lang.IllegalArgumentException: no server available
	at com.alibaba.nacos.client.naming.net.NamingProxy.reqAPI(NamingProxy.java:441) ~[nacos-client-1.1.4.jar:?]
	at com.alibaba.nacos.client.naming.net.NamingProxy.reqAPI(NamingProxy.java:433) ~[nacos-client-1.1.4.jar:?]
	at com.alibaba.nacos.client.naming.net.NamingProxy.reqAPI(NamingProxy.java:379) ~[nacos-client-1.1.4.jar:?]
	at com.alibaba.nacos.client.naming.net.NamingProxy.getServiceList(NamingProxy.java:361) ~[nacos-client-1.1.4.jar:?]
	at com.alibaba.nacos.client.naming.net.NamingProxy.getServiceList(NamingProxy.java:337) ~[nacos-client-1.1.4.jar:?]
	at com.alibaba.nacos.client.naming.NacosNamingService.getServicesOfServer(NacosNamingService.java:442) ~[nacos-client-1.1.4.jar:?]
	at org.springframework.cloud.alibaba.nacos.discovery.NacosWatch.nacosServicesWatch(NacosWatch.java:127) ~[spring-cloud-alibaba-nacos-discovery-0.2.2.RELEASE.jar:0.2.2.RELEASE]
	at org.springframework.scheduling.support.DelegatingErrorHandlingRunnable.run(DelegatingErrorHandlingRunnable.java:54) [spring-context-5.2.2.RELEASE.jar:5.2.2.RELEASE]
	at java.util.concurrent.Executors$RunnableAdapter.call(Executors.java:511) [?:1.8.0_92]
	at java.util.concurrent.FutureTask.runAndReset(FutureTask.java:308) [?:1.8.0_92]
	at java.util.concurrent.ScheduledThreadPoolExecutor$ScheduledFutureTask.access$301(ScheduledThreadPoolExecutor.java:180) [?:1.8.0_92]
	at java.util.concurrent.ScheduledThreadPoolExecutor$ScheduledFutureTask.run(ScheduledThreadPoolExecutor.java:294) [?:1.8.0_92]
	at java.util.concurrent.ThreadPoolExecutor.runWorker(ThreadPoolExecutor.java:1142) [?:1.8.0_92]
	at java.util.concurrent.ThreadPoolExecutor$Worker.run(ThreadPoolExecutor.java:617) [?:1.8.0_92]
	at java.lang.Thread.run(Thread.java:745) [?:1.8.0_92]

2023-12-27 15:42:26.677  INFO 29836 --- [SpringContextShutdownHook] o.s.c.a.n.r.NacosServiceRegistry         : De-registering from Nacos Server now...
2023-12-27 15:42:26.677 ERROR 29836 --- [SpringContextShutdownHook] o.s.c.a.n.r.NacosServiceRegistry         : ERR_NACOS_DEREGISTER, de-register failed...NacosRegistration{nacosDiscoveryProperties=NacosDiscoveryProperties{serverAddr='', endpoint='', namespace='', watchDelay=30000, logName='', service='modified-order-service', weight=1.0, clusterName='DEFAULT', namingLoadCacheAtStart='false', metadata={preserved.register.source=SPRING_CLOUD}, registerEnabled=true, ip='10.13.224.198', networkInterface='', port=8084, secure=false, accessKey='', secretKey=''}},

java.lang.IllegalArgumentException: no server available
	at com.alibaba.nacos.client.naming.net.NamingProxy.reqAPI(NamingProxy.java:441) ~[nacos-client-1.1.4.jar:?]
	at com.alibaba.nacos.client.naming.net.NamingProxy.reqAPI(NamingProxy.java:389) ~[nacos-client-1.1.4.jar:?]
	at com.alibaba.nacos.client.naming.net.NamingProxy.deregisterService(NamingProxy.java:208) ~[nacos-client-1.1.4.jar:?]
	at com.alibaba.nacos.client.naming.NacosNamingService.deregisterInstance(NacosNamingService.java:246) ~[nacos-client-1.1.4.jar:?]
	at com.alibaba.nacos.client.naming.NacosNamingService.deregisterInstance(NacosNamingService.java:233) ~[nacos-client-1.1.4.jar:?]
	at com.alibaba.nacos.client.naming.NacosNamingService.deregisterInstance(NacosNamingService.java:223) ~[nacos-client-1.1.4.jar:?]
	at org.springframework.cloud.alibaba.nacos.registry.NacosServiceRegistry.deregister(NacosServiceRegistry.java:87) [spring-cloud-alibaba-nacos-discovery-0.2.2.RELEASE.jar:0.2.2.RELEASE]
	at org.springframework.cloud.client.serviceregistry.AbstractAutoServiceRegistration.deregister(AbstractAutoServiceRegistration.java:256) [spring-cloud-commons-2.2.0.RELEASE.jar:2.2.0.RELEASE]
	at org.springframework.cloud.client.serviceregistry.AbstractAutoServiceRegistration.stop(AbstractAutoServiceRegistration.java:271) [spring-cloud-commons-2.2.0.RELEASE.jar:2.2.0.RELEASE]
	at org.springframework.cloud.client.serviceregistry.AbstractAutoServiceRegistration.destroy(AbstractAutoServiceRegistration.java:208) [spring-cloud-commons-2.2.0.RELEASE.jar:2.2.0.RELEASE]
	at sun.reflect.NativeMethodAccessorImpl.invoke0(Native Method) ~[?:1.8.0_92]
	at sun.reflect.NativeMethodAccessorImpl.invoke(NativeMethodAccessorImpl.java:62) ~[?:1.8.0_92]
	at sun.reflect.DelegatingMethodAccessorImpl.invoke(DelegatingMethodAccessorImpl.java:43) ~[?:1.8.0_92]
	at java.lang.reflect.Method.invoke(Method.java:498) ~[?:1.8.0_92]
	at org.springframework.beans.factory.annotation.InitDestroyAnnotationBeanPostProcessor$LifecycleElement.invoke(InitDestroyAnnotationBeanPostProcessor.java:389) [spring-beans-5.2.2.RELEASE.jar:5.2.2.RELEASE]
	at org.springframework.beans.factory.annotation.InitDestroyAnnotationBeanPostProcessor$LifecycleMetadata.invokeDestroyMethods(InitDestroyAnnotationBeanPostProcessor.java:347) [spring-beans-5.2.2.RELEASE.jar:5.2.2.RELEASE]
	at org.springframework.beans.factory.annotation.InitDestroyAnnotationBeanPostProcessor.postProcessBeforeDestruction(InitDestroyAnnotationBeanPostProcessor.java:177) [spring-beans-5.2.2.RELEASE.jar:5.2.2.RELEASE]
	at org.springframework.beans.factory.support.DisposableBeanAdapter.destroy(DisposableBeanAdapter.java:242) [spring-beans-5.2.2.RELEASE.jar:5.2.2.RELEASE]
	at org.springframework.beans.factory.support.DefaultSingletonBeanRegistry.destroyBean(DefaultSingletonBeanRegistry.java:571) [spring-beans-5.2.2.RELEASE.jar:5.2.2.RELEASE]
	at org.springframework.beans.factory.support.DefaultSingletonBeanRegistry.destroySingleton(DefaultSingletonBeanRegistry.java:543) [spring-beans-5.2.2.RELEASE.jar:5.2.2.RELEASE]
	at org.springframework.beans.factory.support.DefaultListableBeanFactory.destroySingleton(DefaultListableBeanFactory.java:1072) [spring-beans-5.2.2.RELEASE.jar:5.2.2.RELEASE]
	at org.springframework.beans.factory.support.DefaultSingletonBeanRegistry.destroySingletons(DefaultSingletonBeanRegistry.java:504) [spring-beans-5.2.2.RELEASE.jar:5.2.2.RELEASE]
	at org.springframework.beans.factory.support.DefaultListableBeanFactory.destroySingletons(DefaultListableBeanFactory.java:1065) [spring-beans-5.2.2.RELEASE.jar:5.2.2.RELEASE]
	at org.springframework.context.support.AbstractApplicationContext.destroyBeans(AbstractApplicationContext.java:1060) [spring-context-5.2.2.RELEASE.jar:5.2.2.RELEASE]
	at org.springframework.context.support.AbstractApplicationContext.doClose(AbstractApplicationContext.java:1029) [spring-context-5.2.2.RELEASE.jar:5.2.2.RELEASE]
	at org.springframework.context.support.AbstractApplicationContext$1.run(AbstractApplicationContext.java:948) [spring-context-5.2.2.RELEASE.jar:5.2.2.RELEASE]

2023-12-27 15:42:26.678  INFO 29836 --- [SpringContextShutdownHook] o.s.c.a.n.r.NacosServiceRegistry         : De-registration finished.
2023-12-27 15:42:26.678  INFO 29836 --- [SpringContextShutdownHook] o.s.s.c.ThreadPoolTaskExecutor           : Shutting down ExecutorService 'applicationTaskExecutor'
